{"level":"\u001b[32minfo\u001b[39m","message":"{\"method\":\"OPTIONS\",\"url\":\"/api/v1/user/login\",\"status\":\"204\",\"responseTime\":\"28.502\"}","timestamp":"2025-02-03T17:02:01.381Z"}
{"level":"\u001b[32minfo\u001b[39m","message":"{\"method\":\"POST\",\"url\":\"/api/v1/user/login\",\"status\":\"200\",\"responseTime\":\"7019.916\"}","timestamp":"2025-02-03T17:02:08.478Z"}
{"level":"\u001b[32minfo\u001b[39m","message":"{\"method\":\"OPTIONS\",\"url\":\"/api/v1/user/verify-auth-otp\",\"status\":\"204\",\"responseTime\":\"19.949\"}","timestamp":"2025-02-03T17:02:37.984Z"}
{"level":"\u001b[32minfo\u001b[39m","message":"{\"method\":\"POST\",\"url\":\"/api/v1/user/verify-auth-otp\",\"status\":\"200\",\"responseTime\":\"221.288\"}","timestamp":"2025-02-03T17:02:38.211Z"}
{"level":"\u001b[32minfo\u001b[39m","message":"{\"method\":\"GET\",\"url\":\"/api/v1/user\",\"status\":\"403\",\"responseTime\":\"4.156\"}","timestamp":"2025-02-03T17:02:38.328Z"}
{"level":"\u001b[32minfo\u001b[39m","message":"{\"method\":\"GET\",\"url\":\"/api/v1/user\",\"status\":\"403\",\"responseTime\":\"2.448\"}","timestamp":"2025-02-03T17:02:38.347Z"}
{"level":"\u001b[32minfo\u001b[39m","message":"{\"method\":\"POST\",\"url\":\"/api/v1/user/login\",\"status\":\"200\",\"responseTime\":\"2105.189\"}","timestamp":"2025-02-03T17:04:12.045Z"}
{"level":"\u001b[32minfo\u001b[39m","message":"{\"method\":\"POST\",\"url\":\"/api/v1/user/verify-auth-otp\",\"status\":\"200\",\"responseTime\":\"170.742\"}","timestamp":"2025-02-03T17:04:26.275Z"}
{"level":"\u001b[32minfo\u001b[39m","message":"{\"method\":\"GET\",\"url\":\"/api/v1/user\",\"status\":\"403\",\"responseTime\":\"3.881\"}","timestamp":"2025-02-03T17:04:26.394Z"}
{"level":"\u001b[32minfo\u001b[39m","message":"{\"method\":\"GET\",\"url\":\"/api/v1/user\",\"status\":\"403\",\"responseTime\":\"3.086\"}","timestamp":"2025-02-03T17:04:26.405Z"}
{"level":"\u001b[32minfo\u001b[39m","message":"{\"method\":\"POST\",\"url\":\"/api/v1/user/login\",\"status\":\"200\",\"responseTime\":\"2525.386\"}","timestamp":"2025-02-03T17:08:12.073Z"}
{"level":"\u001b[32minfo\u001b[39m","message":"{\"method\":\"POST\",\"url\":\"/api/v1/user/verify-auth-otp\",\"status\":\"200\",\"responseTime\":\"129.851\"}","timestamp":"2025-02-03T17:08:24.341Z"}
{"level":"\u001b[32minfo\u001b[39m","message":"{\"method\":\"GET\",\"url\":\"/api/v1/user\",\"status\":\"200\",\"responseTime\":\"130.197\"}","timestamp":"2025-02-03T17:08:24.655Z"}
{"level":"\u001b[32minfo\u001b[39m","message":"{\"method\":\"GET\",\"url\":\"/api/v1/user\",\"status\":\"304\",\"responseTime\":\"85.098\"}","timestamp":"2025-02-03T17:08:24.759Z"}
{"level":"\u001b[32minfo\u001b[39m","message":"{\"method\":\"OPTIONS\",\"url\":\"/api/v1/user\",\"status\":\"204\",\"responseTime\":\"3.411\"}","timestamp":"2025-02-03T17:10:07.604Z"}
{"level":"\u001b[32minfo\u001b[39m","message":"{\"method\":\"DELETE\",\"url\":\"/api/v1/user\",\"status\":\"200\",\"responseTime\":\"456.524\"}","timestamp":"2025-02-03T17:10:08.067Z"}
{"level":"\u001b[32minfo\u001b[39m","message":"{\"method\":\"POST\",\"url\":\"/api/v1/user/login\",\"status\":\"200\",\"responseTime\":\"2701.222\"}","timestamp":"2025-02-03T17:18:21.143Z"}
{"level":"\u001b[32minfo\u001b[39m","message":"{\"method\":\"POST\",\"url\":\"/api/v1/user/verify-auth-otp\",\"status\":\"200\",\"responseTime\":\"114.825\"}","timestamp":"2025-02-03T17:18:34.207Z"}
{"level":"\u001b[32minfo\u001b[39m","message":"{\"method\":\"GET\",\"url\":\"/api/v1/user\",\"status\":\"304\",\"responseTime\":\"95.458\"}","timestamp":"2025-02-03T17:18:34.411Z"}
{"level":"\u001b[32minfo\u001b[39m","message":"{\"method\":\"GET\",\"url\":\"/api/v1/user\",\"status\":\"304\",\"responseTime\":\"107.078\"}","timestamp":"2025-02-03T17:18:34.527Z"}
{"level":"\u001b[32minfo\u001b[39m","message":"{\"method\":\"POST\",\"url\":\"/api/v1/user/verify-auth-otp\",\"status\":\"500\",\"responseTime\":\"149.541\"}","timestamp":"2025-02-03T17:21:15.670Z"}
{"level":"\u001b[32minfo\u001b[39m","message":"{\"method\":\"POST\",\"url\":\"/api/v1/user/verify-auth-otp\",\"status\":\"200\",\"responseTime\":\"95.668\"}","timestamp":"2025-02-03T17:21:58.561Z"}
